Using pre-set license
Built from '2020.2/release' branch; Version is '2020.2.0f1 (3721df5a8b28) revision 3613151'; Using compiler version '192528614'; Build Type 'Release'
OS: 'Windows 10  (10.0.0) 64bit' Language: 'ja' Physical Memory: 32717 MB
BatchMode: 1, IsHumanControllingUs: 0, StartBugReporterOnCrash: 0, Is64bit: 1, IsPro: 0

 COMMAND LINE ARGUMENTS:
C:\Program Files\Unity\Hub\Editor\2020.2.0f1\Editor\Unity.exe
-adb2
-batchMode
-noUpm
-name
AssetImportWorker0
-projectPath
G:/Github/Amateur_Eater_Club/Amateur_Eater_Club
-logFile
Logs/AssetImportWorker0.log
-srvPort
57262
Successfully changed project path to: G:/Github/Amateur_Eater_Club/Amateur_Eater_Club
G:/Github/Amateur_Eater_Club/Amateur_Eater_Club
Using Asset Import Pipeline V2.
Refreshing native plugins compatible for Editor in 23.95 ms, found 0 plugins.
Preloading 0 native plugins for Editor in 0.00 ms.
Initialize engine version: 2020.2.0f1 (3721df5a8b28)
[Subsystems] Discovering subsystems at path C:/Program Files/Unity/Hub/Editor/2020.2.0f1/Editor/Data/Resources/UnitySubsystems
[Subsystems] Discovering subsystems at path G:/Github/Amateur_Eater_Club/Amateur_Eater_Club/Assets
GfxDevice: creating device client; threaded=0
Direct3D:
    Version:  Direct3D 11.0 [level 11.1]
    Renderer: NVIDIA GeForce RTX 3060 Ti (ID=0x2486)
    Vendor:   
    VRAM:     8050 MB
    Driver:   30.0.14.7212
Initialize mono
Mono path[0] = 'C:/Program Files/Unity/Hub/Editor/2020.2.0f1/Editor/Data/Managed'
Mono path[1] = 'C:/Program Files/Unity/Hub/Editor/2020.2.0f1/Editor/Data/MonoBleedingEdge/lib/mono/unityjit'
Mono config path = 'C:/Program Files/Unity/Hub/Editor/2020.2.0f1/Editor/Data/MonoBleedingEdge/etc'
Using monoOptions --debugger-agent=transport=dt_socket,embedding=1,server=y,suspend=n,address=127.0.0.1:56304
Begin MonoManager ReloadAssembly
Registering precompiled unity dll's ...
Register platform support module: C:/Program Files/Unity/Hub/Editor/2020.2.0f1/Editor/Data/PlaybackEngines/WindowsStandaloneSupport/UnityEditor.WindowsStandalone.Extensions.dll
Registered in 0.001487 seconds.
Native extension for WindowsStandalone target not found
Refreshing native plugins compatible for Editor in 20.10 ms, found 0 plugins.
Preloading 0 native plugins for Editor in 0.00 ms.
Invoked RoslynAnalysisRunner static constructor.
RoslynAnalysisRunner will not be running.
RoslynAnalysisRunner has terminated.
Mono: successfully reloaded assembly
- Completed reload, in  1.037 seconds
Platform modules already initialized, skipping
Registering precompiled user dll's ...
Registered in 0.000344 seconds.
Begin MonoManager ReloadAssembly
Native extension for WindowsStandalone target not found
Refreshing native plugins compatible for Editor in 0.20 ms, found 0 plugins.
Preloading 0 native plugins for Editor in 0.00 ms.
Invoked RoslynAnalysisRunner static constructor.
RoslynAnalysisRunner will not be running.
RoslynAnalysisRunner has terminated.
Mono: successfully reloaded assembly
- Completed reload, in  0.663 seconds
Platform modules already initialized, skipping
========================================================================
Worker process is ready to serve import requests
Launched and connected shader compiler UnityShaderCompiler.exe after 0.04 seconds
Refreshing native plugins compatible for Editor in 0.42 ms, found 0 plugins.
Preloading 0 native plugins for Editor in 0.00 ms.
Unloading 1094 Unused Serialized files (Serialized files now loaded: 0)
System memory in use before: 56.4 MB.
System memory in use after: 56.4 MB.

Unloading 10 unused Assets to reduce memory usage. Loaded Objects now: 1535.
Total: 1.442600 ms (FindLiveObjects: 0.180000 ms CreateObjectMapping: 0.025900 ms MarkObjects: 1.181300 ms  DeleteObjects: 0.054300 ms)

========================================================================
Received Import Request.
  path: Assets
  artifactKey: Guid(00000000000000001000000000000000) Importer(815301076,1909f56bfc062723c751e8b465ee728b)
Start importing Assets using Guid(00000000000000001000000000000000) Importer(815301076,1909f56bfc062723c751e8b465ee728b)  -> (artifact id: 'b41cfa13f056e58f64cf5f3363de7353') in 0.008589 seconds
  Import took 0.012523 seconds .

========================================================================
Received Import Request.
  Time since last request: 13.774564 seconds.
  path: Assets/Script
  artifactKey: Guid(20d66adcb9db0f444921c400c91bffcc) Importer(815301076,1909f56bfc062723c751e8b465ee728b)
Start importing Assets/Script using Guid(20d66adcb9db0f444921c400c91bffcc) Importer(815301076,1909f56bfc062723c751e8b465ee728b)  -> (artifact id: '8a697e265265dc6d348862e0c82045b7') in 0.005669 seconds
  Import took 0.008196 seconds .

========================================================================
Received Import Request.
  Time since last request: 12.474475 seconds.
  path: Assets/Model
  artifactKey: Guid(054ce4b6dc58cd945aeb695a6a331055) Importer(815301076,1909f56bfc062723c751e8b465ee728b)
Start importing Assets/Model using Guid(054ce4b6dc58cd945aeb695a6a331055) Importer(815301076,1909f56bfc062723c751e8b465ee728b)  -> (artifact id: '2f0f5463add7d87ce3c02222a65c931b') in 0.006149 seconds
  Import took 0.008181 seconds .

========================================================================
Received Import Request.
  Time since last request: 96.186399 seconds.
  path: Assets/Script/Player.cs
  artifactKey: Guid(fa1366ebd8f06cb4088b9774e49f1c33) Importer(815301076,1909f56bfc062723c751e8b465ee728b)
Start importing Assets/Script/Player.cs using Guid(fa1366ebd8f06cb4088b9774e49f1c33) Importer(815301076,1909f56bfc062723c751e8b465ee728b)  -> (artifact id: 'a4380c6942e98b3bfa99034b316e6bdd') in 0.027427 seconds
  Import took 0.029701 seconds .

========================================================================
Received Prepare
Registering precompiled user dll's ...
Registered in 0.000388 seconds.
Begin MonoManager ReloadAssembly
Native extension for WindowsStandalone target not found
Refreshing native plugins compatible for Editor in 0.20 ms, found 0 plugins.
Preloading 0 native plugins for Editor in 0.00 ms.
Invoked RoslynAnalysisRunner static constructor.
RoslynAnalysisRunner will not be running.
RoslynAnalysisRunner has terminated.
Mono: successfully reloaded assembly
- Completed reload, in  0.602 seconds
Platform modules already initialized, skipping
Refreshing native plugins compatible for Editor in 0.20 ms, found 0 plugins.
Preloading 0 native plugins for Editor in 0.00 ms.
Unloading 1090 Unused Serialized files (Serialized files now loaded: 0)
System memory in use before: 56.4 MB.
System memory in use after: 56.5 MB.

Unloading 5 unused Assets to reduce memory usage. Loaded Objects now: 1538.
Total: 1.366100 ms (FindLiveObjects: 0.147900 ms CreateObjectMapping: 0.025100 ms MarkObjects: 1.148600 ms  DeleteObjects: 0.043600 ms)

AssetImportWorkerClient::OnTransportError - code=2 error=End of file
